# JRE version: OpenJDK Runtime Environment (21.0+35) (build 21+35-2513)
# Java VM: OpenJDK 64-Bit Server VM (21+35-2513, mixed mode, sharing, tiered, compressed oops, compressed class ptrs, g1 gc, windows-amd64)
GC Precious Log:
 CardTable entry size: 512
 Card Set container configuration: InlinePtr #cards 4 size 8 Array Of Cards #cards 16 size 48 Howl #buckets 8 coarsen threshold 3686 Howl Bitmap #cards 512 size 80 coarsen threshold 460 Card regions per heap region 1 cards per card region 4096
 CPUs: 8 total, 8 available
 Memory: 16226M
 Large Page Support: Disabled
 NUMA Support: Disabled
 Compressed Oops: Enabled (Zero based)
 Heap Region Size: 2M
 Heap Min Capacity: 8M
 Heap Initial Capacity: 8M
 Heap Max Capacity: 4058M
 Pre-touch: Disabled
 Parallel Workers: 8
 Concurrent Workers: 2
 Concurrent Refinement Workers: 8
 Periodic GC: Disabled
Heap:
 garbage-first heap   total 14336K, used 4464K [0x0000000702600000, 0x0000000800000000)
  region size 2048K, 2 young (4096K), 1 survivors (2048K)
 Metaspace       used 8636K, committed 8832K, reserved 1114112K
  class space    used 977K, committed 1088K, reserved 1048576K
GC Heap History (16 events):
Event: 0.373 GC heap before
{Heap before GC invocations=0 (full 0):
 garbage-first heap   total 8192K, used 2048K [0x0000000702600000, 0x0000000800000000)
  region size 2048K, 1 young (2048K), 0 survivors (0K)
 Metaspace       used 1521K, committed 1728K, reserved 1114112K
  class space    used 174K, committed 256K, reserved 1048576K
}
Event: 0.378 GC heap after
{Heap after GC invocations=1 (full 0):
 garbage-first heap   total 8192K, used 1152K [0x0000000702600000, 0x0000000800000000)
  region size 2048K, 1 young (2048K), 1 survivors (2048K)
 Metaspace       used 1521K, committed 1728K, reserved 1114112K
  class space    used 174K, committed 256K, reserved 1048576K
}
Event: 0.624 GC heap before
{Heap before GC invocations=1 (full 0):
 garbage-first heap   total 8192K, used 3200K [0x0000000702600000, 0x0000000800000000)
  region size 2048K, 2 young (4096K), 1 survivors (2048K)
 Metaspace       used 5282K, committed 5440K, reserved 1114112K
  class space    used 642K, committed 704K, reserved 1048576K
}
Event: 0.628 GC heap after
{Heap after GC invocations=2 (full 0):
 garbage-first heap   total 8192K, used 1794K [0x0000000702600000, 0x0000000800000000)
  region size 2048K, 1 young (2048K), 1 survivors (2048K)
 Metaspace       used 5282K, committed 5440K, reserved 1114112K
  class space    used 642K, committed 704K, reserved 1048576K
}
Event: 0.862 GC heap before
{Heap before GC invocations=2 (full 0):
 garbage-first heap   total 8192K, used 3842K [0x0000000702600000, 0x0000000800000000)
  region size 2048K, 2 young (4096K), 1 survivors (2048K)
 Metaspace       used 7835K, committed 8064K, reserved 1114112K
  class space    used 884K, committed 1024K, reserved 1048576K
}
Event: 0.867 GC heap after
{Heap after GC invocations=3 (full 0):
 garbage-first heap   total 8192K, used 2474K [0x0000000702600000, 0x0000000800000000)
  region size 2048K, 1 young (2048K), 1 survivors (2048K)
 Metaspace       used 7835K, committed 8064K, reserved 1114112K
  class space    used 884K, committed 1024K, reserved 1048576K
}
Event: 0.943 GC heap before
{Heap before GC invocations=3 (full 0):
 garbage-first heap   total 8192K, used 4522K [0x0000000702600000, 0x0000000800000000)
  region size 2048K, 2 young (4096K), 1 survivors (2048K)
 Metaspace       used 8222K, committed 8384K, reserved 1114112K
  class space    used 936K, committed 1024K, reserved 1048576K
}
Event: 0.947 GC heap after
{Heap after GC invocations=4 (full 0):
 garbage-first heap   total 8192K, used 3182K [0x0000000702600000, 0x0000000800000000)
  region size 2048K, 1 young (2048K), 1 survivors (2048K)
 Metaspace       used 8222K, committed 8384K, reserved 1114112K
  class space    used 936K, committed 1024K, reserved 1048576K
}
Event: 0.965 GC heap before
{Heap before GC invocations=4 (full 0):
 garbage-first heap   total 8192K, used 5230K [0x0000000702600000, 0x0000000800000000)
  region size 2048K, 2 young (4096K), 1 survivors (2048K)
 Metaspace       used 8248K, committed 8448K, reserved 1114112K
  class space    used 936K, committed 1024K, reserved 1048576K
}
Event: 0.969 GC heap after
{Heap after GC invocations=5 (full 0):
 garbage-first heap   total 14336K, used 3457K [0x0000000702600000, 0x0000000800000000)
  region size 2048K, 1 young (2048K), 1 survivors (2048K)
 Metaspace       used 8248K, committed 8448K, reserved 1114112K
  class space    used 936K, committed 1024K, reserved 1048576K
}
Event: 1.028 GC heap before
{Heap before GC invocations=5 (full 0):
 garbage-first heap   total 14336K, used 5505K [0x0000000702600000, 0x0000000800000000)
  region size 2048K, 2 young (4096K), 1 survivors (2048K)
 Metaspace       used 8441K, committed 8704K, reserved 1114112K
  class space    used 957K, committed 1088K, reserved 1048576K
}
Event: 1.032 GC heap after
{Heap after GC invocations=6 (full 0):
 garbage-first heap   total 14336K, used 3728K [0x0000000702600000, 0x0000000800000000)
  region size 2048K, 1 young (2048K), 1 survivors (2048K)
 Metaspace       used 8441K, committed 8704K, reserved 1114112K
  class space    used 957K, committed 1088K, reserved 1048576K
}
Event: 1.055 GC heap before
{Heap before GC invocations=6 (full 0):
 garbage-first heap   total 14336K, used 5776K [0x0000000702600000, 0x0000000800000000)
  region size 2048K, 2 young (4096K), 1 survivors (2048K)
 Metaspace       used 8523K, committed 8704K, reserved 1114112K
  class space    used 968K, committed 1088K, reserved 1048576K
}
Event: 1.059 GC heap after
{Heap after GC invocations=7 (full 0):
 garbage-first heap   total 14336K, used 4100K [0x0000000702600000, 0x0000000800000000)
  region size 2048K, 1 young (2048K), 1 survivors (2048K)
 Metaspace       used 8523K, committed 8704K, reserved 1114112K
  class space    used 968K, committed 1088K, reserved 1048576K
}
Event: 1.073 GC heap before
{Heap before GC invocations=7 (full 0):
 garbage-first heap   total 14336K, used 8196K [0x0000000702600000, 0x0000000800000000)
  region size 2048K, 3 young (6144K), 1 survivors (2048K)
 Metaspace       used 8526K, committed 8704K, reserved 1114112K
  class space    used 968K, committed 1088K, reserved 1048576K
}
Event: 1.076 GC heap after
{Heap after GC invocations=8 (full 0):
 garbage-first heap   total 14336K, used 4464K [0x0000000702600000, 0x0000000800000000)
  region size 2048K, 1 young (2048K), 1 survivors (2048K)
 Metaspace       used 8526K, committed 8704K, reserved 1114112K
  class space    used 968K, committed 1088K, reserved 1048576K
}

